<?xml version="1.0" encoding="UTF-8"?>
<!-- Generated by org.testng.reporters.JUnitXMLReporter -->
<testsuite hostname="Dell-PC" ignored="8" name="Method Test Cases" tests="2" failures="0" timestamp="31 May 2017 16:04:19 GMT" time="19.088" errors="0">
  <testcase name="Login" time="13.308" classname="icm.ICMWEB"/>
  <testcase name="uusergrouprelation" time="5.752" classname="icm.ICMWEB"/>
  <testcase name="contract" time="0.0" classname="icm.ICMWEB">
    <ignored/>
  </testcase> <!-- contract -->
  <testcase name="usergroup" time="0.0" classname="icm.ICMWEB">
    <ignored/>
  </testcase> <!-- usergroup -->
  <testcase name="user" time="0.0" classname="icm.ICMWEB">
    <ignored/>
  </testcase> <!-- user -->
  <testcase name="template" time="0.0" classname="icm.ICMWEB">
    <ignored/>
  </testcase> <!-- template -->
  <testcase name="catlocrelation" time="0.0" classname="icm.ICMWEB">
    <ignored/>
  </testcase> <!-- catlocrelation -->
  <testcase name="category" time="0.0" classname="icm.ICMWEB">
    <ignored/>
  </testcase> <!-- category -->
  <testcase name="location" time="0.0" classname="icm.ICMWEB">
    <ignored/>
  </testcase> <!-- location -->
  <testcase name="company" time="0.0" classname="icm.ICMWEB">
    <ignored/>
  </testcase> <!-- company -->
</testsuite> <!-- Method Test Cases -->
